spawn ssh -q -o StrictHostKeyChecking=no cumulus@RIR-Leaf-SN2010-6
cumulus@rir-leaf-sn2010-6's password: 
Linux RIR-Leaf-SN2010-6 5.10.0-cl-1-amd64 #1 SMP Debian 5.10.130-1+cl5.2.0u5 (2022-07-29) x86_64

Welcome to NVIDIA Cumulus (R) Linux (R)

Last login: Thu Jul 27 13:01:24 2023 from 172.24.240.241
cumulus@RIR-Leaf-SN2010-6:mgmt:~$ nv show
                              operational  applied                  pending                  description
----------------------------  -----------  -----------------------  -----------------------  ----------------------------------------------------------------------
[acl]                                                                                        ACL rules
bridge
  [domain]                                 br_default               br_default               Bridge domains
evpn
  enable                                   off                      off                      Turn the feature 'on' or 'off'.  The default is 'off'.
[interface]                                eth0                     eth0                     Interfaces
[interface]                                lo                       lo
[interface]                                                         vlan1
[interface]                                                         vlan240
mlag
  enable                                   off                      off                      Turn the feature 'on' or 'off'.  The default is 'off'.
nve
  vxlan
    enable                                 off                      off                      Turn the feature 'on' or 'off'.  The default is 'off'.
platform
  hardware
    [component]                                                                              Set of components making up the platform.
qos
  roce
    enable                                 off                      off                      Turn the feature 'on' or 'off'.  The default is 'off'.
router
  adaptive-routing
    enable                                 off                      off                      Turn the feature 'on' or 'off'.  The default is 'off'.
  bgp
    enable                                 off                      off                      Turn the feature 'on' or 'off'.  The default is 'off'.
  igmp
    enable                                 off                      off                      Turn the feature 'on' or 'off'.  The default is 'off'.
  [nexthop-group]                                                                            Nexthops
  ospf
    enable                                 off                      off                      Turn the feature 'on' or 'off'.  The default is 'off'.
  pbr
    enable                                 off                      off                      Turn the feature 'on' or 'off'.  The default is 'off'.
  pim
    enable                                 off                      off                      Turn the feature 'on' or 'off'.  The default is 'off'.
  policy
    [as-path-list]                                                                           AS Path lists
    [community-list]                                                                         Community lists
    [ext-community-list]                                                                     Extended Community lists
    [large-community-list]                                                                   Large Community lists
    [prefix-list]                                                                            Prefix list rules
    [route-map]                                                                              Collection of Route Maps
  vrr
    enable                                 off                      off                      Turn the feature 'on' or 'off'.  The default is 'off'.
  vrrp
    enable                                 off                      off                      Turn the feature 'on' or 'off'.  The default is 'off'.
service
  [dhcp-relay]                                                                               DHCP-relays
  [dhcp-relay6]                                                                              DHCP-relays
  [dhcp-server]                                                                              DHCP-servers
  [dhcp-server6]                                                                             DHCP-servers6
  [dns]                                                                                      collection of DNS
  lldp
    dot1-tlv                               off                      off                      Enable dot1 TLV advertisements on enabled ports
    tx-hold-multiplier                     4                        4                        < TTL of transmitted packets is calculated by multiplying the tx-in...
    tx-interval                            30                       30                       change transmit delay
  [ntp]                                                                                      NTPs
  [ptp]                                    1                        1                        Collection of PTP instances
  [syslog]                                                                                   collection of syslog
system
  config
    apply
      overwrite                            all                      all                      Determine which files can be overwritten during an apply.
      [ignore]                             /etc/hostname            /etc/hostname            Set of files to ignore during config apply operations.
      [ignore]                             /etc/network/interfaces  /etc/network/interfaces
      [ignore]                             /etc/ntp.conf            /etc/ntp.conf
      [ignore]                             /etc/timezone            /etc/timezone
  control-plane
    [policer]                                                                                Policers
    [trap]                                                                                   Traps
  forwarding
    ecmp-hash
      destination-ip                       on                       on                       Destination IPv4/IPv6 Address
      destination-port                     on                       on                       TCP/UDP destination port
      gtp-teid                             off                      off                      GTP-U TEID
      ingress-interface                    off                      off                      Ingress interface
      inner-destination-ip                 off                      off                      Inner destination IPv4/IPv6 Address
      inner-destination-port               off                      off                      Inner TCP/UDP destination port
      inner-ip-protocol                    off                      off                      Inner IPv4 protocol field
      inner-ipv6-label                     off                      off                      Inner IPv6 label
      inner-source-ip                      off                      off                      Inner source IPv4/IPv6 Address
      inner-source-port                    off                      off                      Inner TCP/UDP source port
      ip-protocol                          on                       on                       IPV4 protocol field
      ipv6-label                           on                       on                       IPv6 label
      source-ip                            on                       on                       Source IPv4/IPv6 Address
      source-port                          on                       on                       TCP/UDP source port
    lag-hash
      destination-ip                       on                       on                       Destination IPv4/IPv6 Address
      destination-mac                      on                       on                       Destination MAC Address
      destination-port                     on                       on                       TCP/UDP destination port
      ether-type                           on                       on                       Ethernet type
      gtp-teid                             off                      off                      GTP-U TEID
      ip-protocol                          on                       on                       IPv4 protocol field
      source-ip                            on                       on                       Source IPv4/IPv6 Address
      source-mac                           on                       on                       Source MAC Address
      source-port                          on                       on                       TCP/UDP source port
      vlan                                 on                       on                       Vlan
  global
    anycast-id                             none                     none                     An integer (1-65535) to select rack MAC address in range 44:38:39:f...
    anycast-mac                            none                     none                     MAC address shared by the rack.
    fabric-id                              1                        1                        An integer (1-255) to select first hop router MAC adress in range 0...
    fabric-mac                             none                     none                     First hop router MAC address
    system-mac                             auto                     auto                     full MAC address.
    l3svd
      enable                               off                      off                      Turn the feature 'on' or 'off'.  The default is 'off'.
    reserved
      routing-table
        pbr
          begin                            10000                    10000                    Beginning of reserved routing table range for PBR
          end                              4294966272               4294966272               End of reserved routing table range for PBR
      vlan
        l3-vni-vlan
          begin                            4000                     4000                     Beginning of reserved vlan range for L3 VNI
          end                              4064                     4064                     End of reserved vlan range for L3 VNI
  port-mirror
    [session]                                                                                sessions
  hostname                                 cumulus                  cumulus                  Static hostname for the switch
[vrf]                                      default                  default                  VRFs
[vrf]                                      mgmt                     mgmt
cumulus@RIR-Leaf-SN2010-6:mgmt:~$ 